2025-11-25 10:59:13 [WARNING] discord.client: PyNaCl is not installed, voice will NOT be supported
2025-11-25 10:59:13 [INFO] discord.client: logging in using static token
2025-11-25 10:59:13 [INFO] discord.gateway: Shard ID None has connected to Gateway (Session ID: 9f65859eb281aaf68253305ab4ccf5dd).
2025-11-25 10:59:15 [INFO] root: We have logged in as RuleScribe#3969
2025-11-25 10:59:15 [INFO] root: Here Be Dragons.
2025-11-25 10:59:29 [INFO] root: Called spell Aid successfully.
2025-11-25 10:59:55 [ERROR] root: Command error in None: Command "spall" is not found
2025-11-25 11:01:09 [ERROR] root: Command error in None: Command "asd" is not found
2025-11-25 11:01:22 [INFO] root: Called spell Sleep of the Deep successfully.
2025-11-25 11:03:32 [INFO] root: Called spell Alchemical Form successfully.
2025-11-25 11:08:06 [WARNING] discord.client: PyNaCl is not installed, voice will NOT be supported
2025-11-25 11:08:06 [INFO] discord.client: logging in using static token
2025-11-25 11:08:06 [INFO] discord.gateway: Shard ID None has connected to Gateway (Session ID: 417d2bea5927ef3200a2e5a2081ece4e).
2025-11-25 11:08:08 [INFO] root: We have logged in as RuleScribe#3969
2025-11-25 11:08:08 [INFO] root: Here Be Dragons.
2025-11-25 11:08:10 [INFO] root: Called spell Alchemical Form successfully.
2025-11-25 11:10:44 [WARNING] discord.client: PyNaCl is not installed, voice will NOT be supported
2025-11-25 11:10:44 [INFO] discord.client: logging in using static token
2025-11-25 11:10:44 [INFO] discord.gateway: Shard ID None has connected to Gateway (Session ID: 47c138aada80c6f5e5c36ea6b82cbfcb).
2025-11-25 11:10:46 [INFO] root: We have logged in as RuleScribe#3969
2025-11-25 11:10:46 [INFO] root: Here Be Dragons.
2025-11-25 11:12:14 [WARNING] discord.client: PyNaCl is not installed, voice will NOT be supported
2025-11-25 11:12:14 [INFO] discord.client: logging in using static token
2025-11-25 11:12:16 [INFO] discord.gateway: Shard ID None has connected to Gateway (Session ID: cbaa7c9cedfc7d3f302f059662f4ffc1).
2025-11-25 11:12:18 [INFO] root: We have logged in as RuleScribe#3969
2025-11-25 11:12:18 [INFO] root: Here Be Dragons.
2025-11-25 11:15:47 [WARNING] discord.client: PyNaCl is not installed, voice will NOT be supported
2025-11-25 11:15:47 [INFO] discord.client: logging in using static token
2025-11-25 11:15:48 [INFO] discord.gateway: Shard ID None has connected to Gateway (Session ID: 06ebca89b54f7fd9e6319c0d9814db37).
2025-11-25 11:15:50 [INFO] root: We have logged in as RuleScribe#3969
2025-11-25 11:15:50 [INFO] root: Here Be Dragons.
2025-11-25 11:15:52 [INFO] root: Querying fire from Open5e API.
2025-11-25 11:15:52 [INFO] root: No results found for fire.
2025-11-25 11:20:35 [WARNING] discord.client: PyNaCl is not installed, voice will NOT be supported
2025-11-25 11:20:35 [INFO] discord.client: logging in using static token
2025-11-25 11:20:36 [INFO] discord.gateway: Shard ID None has connected to Gateway (Session ID: 64af9bb395bda6f87392d446c5ff4f43).
2025-11-25 11:20:38 [INFO] root: We have logged in as RuleScribe#3969
2025-11-25 11:20:38 [INFO] root: Here Be Dragons.
2025-11-25 11:20:42 [INFO] root: Querying fire from Open5e API.
2025-11-25 11:20:42 [INFO] root: Wrote raw API response to raw_spell.json
2025-11-25 11:20:42 [INFO] root: No results found for: fire.
2025-11-25 11:20:47 [INFO] root: Querying aid from Open5e API.
2025-11-25 11:20:47 [INFO] root: Wrote raw API response to raw_spell.json
2025-11-25 11:20:47 [INFO] root: No results found for: aid.
2025-11-25 11:23:59 [WARNING] discord.client: PyNaCl is not installed, voice will NOT be supported
2025-11-25 11:23:59 [INFO] discord.client: logging in using static token
2025-11-25 11:24:00 [INFO] discord.gateway: Shard ID None has connected to Gateway (Session ID: 07f5ef43ed91ac2342d601983711388d).
2025-11-25 11:24:02 [INFO] root: We have logged in as RuleScribe#3969
2025-11-25 11:24:02 [INFO] root: Here Be Dragons.
2025-11-25 11:24:17 [INFO] root: Querying aid from Open5e API.
2025-11-25 11:24:17 [INFO] root: Queried aid successfully as Aid.
2025-11-25 11:25:53 [WARNING] discord.client: PyNaCl is not installed, voice will NOT be supported
2025-11-25 11:25:53 [INFO] discord.client: logging in using static token
2025-11-25 11:25:54 [INFO] discord.gateway: Shard ID None has connected to Gateway (Session ID: 8beedada6a2a999c9f7c6b25a704cb30).
2025-11-25 11:25:56 [INFO] root: We have logged in as RuleScribe#3969
2025-11-25 11:25:56 [INFO] root: Here Be Dragons.
2025-11-25 11:26:03 [ERROR] root: Command error in None: Command "aid" is not found
2025-11-25 11:26:11 [INFO] root: Querying Aid from Open5e API.
2025-11-25 11:26:11 [INFO] root: Wrote raw API response to raw_spell.json
2025-11-25 11:26:11 [INFO] root: Queried Aid successfully as Aid.
2025-11-25 12:53:02 [INFO] root: Querying aid from Open5e API.
2025-11-25 12:53:03 [INFO] root: Wrote raw API response to raw_spell.json
2025-11-25 12:53:03 [INFO] root: Queried aid successfully as Aid.
2025-11-25 15:06:15 [INFO] discord.gateway: Shard ID None has successfully RESUMED session 8beedada6a2a999c9f7c6b25a704cb30.
2025-11-25 16:49:05 [INFO] discord.gateway: Shard ID None has successfully RESUMED session 8beedada6a2a999c9f7c6b25a704cb30.
2025-11-25 16:56:15 [INFO] discord.gateway: Shard ID None has successfully RESUMED session 8beedada6a2a999c9f7c6b25a704cb30.
2025-11-25 18:23:54 [INFO] discord.gateway: Shard ID None has successfully RESUMED session 8beedada6a2a999c9f7c6b25a704cb30.
2025-11-25 19:18:32 [INFO] discord.gateway: Shard ID None has successfully RESUMED session 8beedada6a2a999c9f7c6b25a704cb30.
2025-11-25 22:20:08 [INFO] discord.gateway: Shard ID None has successfully RESUMED session 8beedada6a2a999c9f7c6b25a704cb30.
2025-11-30 22:43:37 [WARNING] discord.client: PyNaCl is not installed, voice will NOT be supported
2025-11-30 22:43:37 [INFO] discord.client: logging in using static token
2025-11-30 22:43:38 [INFO] discord.gateway: Shard ID None has connected to Gateway (Session ID: edfaae6971223edd9252915196148801).
2025-11-30 22:43:40 [INFO] root: We have logged in as RuleScribe#3969
2025-11-30 22:43:40 [INFO] root: Here Be Dragons.
2025-11-30 22:44:28 [INFO] root: Querying club from Open5e API.
2025-11-30 22:44:28 [INFO] root: Wrote raw API response to raw_spell.json
2025-11-30 22:44:28 [ERROR] root: Command error in weapon: Command raised an exception: AttributeError: 'str' object has no attribute 'get'
2025-11-30 22:45:55 [WARNING] discord.client: PyNaCl is not installed, voice will NOT be supported
2025-11-30 22:45:55 [INFO] discord.client: logging in using static token
2025-11-30 22:45:56 [INFO] discord.gateway: Shard ID None has connected to Gateway (Session ID: 096e9642d6d3f208f8cca6e4b951f6bb).
2025-11-30 22:45:58 [INFO] root: We have logged in as RuleScribe#3969
2025-11-30 22:45:58 [INFO] root: Here Be Dragons.
2025-11-30 22:46:10 [INFO] root: Querying club from Open5e API.
2025-11-30 22:46:10 [INFO] root: Wrote raw API response to raw_spell.json
2025-11-30 22:46:10 [ERROR] root: Command error in weapon: Command raised an exception: AttributeError: 'str' object has no attribute 'get'
2025-11-30 22:54:48 [WARNING] discord.client: PyNaCl is not installed, voice will NOT be supported
2025-11-30 22:54:48 [INFO] discord.client: logging in using static token
2025-11-30 22:54:49 [INFO] discord.gateway: Shard ID None has connected to Gateway (Session ID: ea90bd1b85e6cf07768d24a4a67760d1).
2025-11-30 22:54:51 [INFO] root: We have logged in as RuleScribe#3969
2025-11-30 22:54:51 [INFO] root: Here Be Dragons.
2025-11-30 22:54:56 [INFO] root: Querying club from Open5e API.
2025-11-30 22:54:57 [INFO] root: Wrote raw API response to raw_spell.json
2025-11-30 22:54:57 [ERROR] root: Command error in weapon: Command raised an exception: AttributeError: 'str' object has no attribute 'get'
2025-11-30 22:58:54 [WARNING] discord.client: PyNaCl is not installed, voice will NOT be supported
2025-11-30 22:58:54 [INFO] discord.client: logging in using static token
2025-11-30 22:58:55 [INFO] discord.gateway: Shard ID None has connected to Gateway (Session ID: 64b101c4f800f4f5a813222406fe7dc5).
2025-11-30 22:58:57 [INFO] root: We have logged in as RuleScribe#3969
2025-11-30 22:58:57 [INFO] root: Here Be Dragons.
2025-11-30 22:59:03 [INFO] root: Querying club from Open5e API.
2025-11-30 22:59:03 [INFO] root: Called weapon Club successfully.
2025-11-30 23:05:35 [WARNING] discord.client: PyNaCl is not installed, voice will NOT be supported
2025-11-30 23:05:35 [INFO] discord.client: logging in using static token
2025-11-30 23:05:36 [INFO] discord.gateway: Shard ID None has connected to Gateway (Session ID: 49fe02f664275539984f01c6a0c9faca).
2025-11-30 23:05:38 [INFO] root: We have logged in as RuleScribe#3969
2025-11-30 23:05:38 [INFO] root: Here Be Dragons.
2025-11-30 23:05:47 [INFO] root: Querying club from Open5e API.
2025-11-30 23:05:47 [INFO] root: Called weapon Club successfully.
2025-11-30 23:24:34 [ERROR] root: Command error in None: Command "ling" is not found
2025-11-30 23:24:38 [INFO] root: Ping ran successfully
2025-11-30 23:24:57 [ERROR] root: Command error in None: Command "quote" is not found
2025-11-30 23:26:11 [ERROR] root: Command error in spell: query is a required argument that is missing.
2025-11-30 23:50:44 [WARNING] discord.client: PyNaCl is not installed, voice will NOT be supported
2025-11-30 23:51:59 [WARNING] discord.client: PyNaCl is not installed, voice will NOT be supported
2025-11-30 23:51:59 [INFO] discord.client: logging in using static token
2025-11-30 23:52:00 [INFO] discord.gateway: Shard ID None has connected to Gateway (Session ID: 55f1afc0855f9588d78fc931e8ca5626).
2025-11-30 23:52:02 [INFO] root: We have logged in as RuleScribe#3969
2025-11-30 23:52:02 [INFO] root: Here Be Dragons.
2025-12-01 02:57:46 [WARNING] discord.client: PyNaCl is not installed, voice will NOT be supported
2025-12-01 02:57:46 [INFO] discord.client: logging in using static token
2025-12-01 02:57:46 [INFO] discord.gateway: Shard ID None has connected to Gateway (Session ID: ca6b047fb2aa11d1ff889e64438bd6b4).
2025-12-01 02:58:14 [ERROR] discord.ext.commands.bot: Ignoring exception in command None
discord.ext.commands.errors.CommandNotFound: Command "info" is not found
2025-12-01 02:58:34 [ERROR] discord.ext.commands.bot: Ignoring exception in command None
discord.ext.commands.errors.CommandNotFound: Command "spell" is not found
2025-12-01 02:58:55 [ERROR] discord.ext.commands.bot: Ignoring exception in command None
discord.ext.commands.errors.CommandNotFound: Command "weapon" is not found
2025-12-01 03:06:48 [WARNING] discord.client: PyNaCl is not installed, voice will NOT be supported
2025-12-01 03:06:48 [INFO] discord.client: logging in using static token
2025-12-01 03:06:48 [INFO] discord.gateway: Shard ID None has connected to Gateway (Session ID: 017c7909cf72a6de2cc4e30b8727d291).
2025-12-01 03:06:50 [INFO] root: We have logged in as RuleScribe#3969
2025-12-01 03:06:50 [INFO] root: Here Be Dragons.
2025-12-01 03:08:48 [INFO] root: Beginning Character Function
2025-12-01 03:08:49 [ERROR] root: Command error in addchar: Command raised an exception: AttributeError: 'Bot' object has no attribute 'waitfor'
2025-12-01 03:10:15 [WARNING] discord.client: PyNaCl is not installed, voice will NOT be supported
2025-12-01 03:10:15 [INFO] discord.client: logging in using static token
2025-12-01 03:10:15 [INFO] discord.gateway: Shard ID None has connected to Gateway (Session ID: a5f3e802f68b1f8559a5dfa6606902c7).
2025-12-01 03:10:17 [INFO] root: We have logged in as RuleScribe#3969
2025-12-01 03:10:17 [INFO] root: Here Be Dragons.
2025-12-01 03:10:27 [INFO] root: Beginning Character Function
2025-12-01 03:10:32 [INFO] root: Saved {name} the {className} for {ctx.author.id} to DB successfully.
2025-12-01 03:12:28 [ERROR] root: Command error in addchar: name is a required argument that is missing.
2025-12-01 03:12:47 [INFO] root: Beginning Character Function
2025-12-01 03:13:47 [INFO] root: Add Character Timed Out.
